nohup: ignoring input

2025/12/07 09:09:41 [32mC:/go-work/uas_manpro/news-shared-service/cmd/server/main.go:28
[0m[33m[0.000ms] [34;1m[rows:-][0m SELECT DATABASE()

2025/12/07 09:09:41 [32mC:/go-work/uas_manpro/news-shared-service/cmd/server/main.go:28
[0m[33m[6.479ms] [34;1m[rows:1][0m SELECT SCHEMA_NAME from Information_schema.SCHEMATA where SCHEMA_NAME LIKE 'news_db%' ORDER BY SCHEMA_NAME='news_db' DESC,SCHEMA_NAME limit 1

2025/12/07 09:09:41 [32mC:/go-work/uas_manpro/news-shared-service/cmd/server/main.go:28
[0m[33m[5.277ms] [34;1m[rows:-][0m SELECT count(*) FROM information_schema.tables WHERE table_schema = 'news_db' AND table_name = 'news' AND table_type = 'BASE TABLE'

2025/12/07 09:09:41 [32m
[0m[33m[0.000ms] [34;1m[rows:-][0m SELECT DATABASE()

2025/12/07 09:09:41 [32mC:/go-work/uas_manpro/news-shared-service/cmd/server/main.go:28
[0m[33m[0.965ms] [34;1m[rows:1][0m SELECT SCHEMA_NAME from Information_schema.SCHEMATA where SCHEMA_NAME LIKE 'news_db%' ORDER BY SCHEMA_NAME='news_db' DESC,SCHEMA_NAME limit 1

2025/12/07 09:09:41 [32mC:/go-work/uas_manpro/news-shared-service/cmd/server/main.go:28
[0m[33m[1.660ms] [34;1m[rows:-][0m SELECT * FROM `news` LIMIT 1

2025/12/07 09:09:41 [32mC:/go-work/uas_manpro/news-shared-service/cmd/server/main.go:28
[0m[33m[2.559ms] [34;1m[rows:-][0m SELECT column_name, column_default, is_nullable = 'YES', data_type, character_maximum_length, column_type, column_key, extra, column_comment, numeric_precision, numeric_scale , datetime_precision FROM information_schema.columns WHERE table_schema = 'news_db' AND table_name = 'news' ORDER BY ORDINAL_POSITION

2025/12/07 09:09:41 [32mC:/go-work/uas_manpro/news-shared-service/cmd/server/main.go:28
[0m[33m[148.362ms] [34;1m[rows:0][0m ALTER TABLE `news` ADD `category` varchar(191) DEFAULT 'General'

2025/12/07 09:09:41 [32mC:/go-work/uas_manpro/news-shared-service/cmd/server/main.go:28
[0m[33m[12.839ms] [34;1m[rows:0][0m ALTER TABLE `news` ADD `image` longtext

2025/12/07 09:09:41 [32mC:/go-work/uas_manpro/news-shared-service/cmd/server/main.go:28
[0m[33m[13.217ms] [34;1m[rows:0][0m ALTER TABLE `news` ADD `source_url` longtext

2025/12/07 09:09:41 [32mC:/go-work/uas_manpro/news-shared-service/cmd/server/main.go:28
[0m[33m[18.383ms] [34;1m[rows:0][0m ALTER TABLE `news` ADD `display_section` longtext

2025/12/07 09:09:41 [32mC:/go-work/uas_manpro/news-shared-service/cmd/server/main.go:28
[0m[33m[16.184ms] [34;1m[rows:0][0m ALTER TABLE `news` ADD `archived` boolean DEFAULT false

2025/12/07 09:09:41 [32mC:/go-work/uas_manpro/news-shared-service/cmd/server/main.go:28
[0m[33m[0.000ms] [34;1m[rows:-][0m SELECT DATABASE()

2025/12/07 09:09:41 [32mC:/go-work/uas_manpro/news-shared-service/cmd/server/main.go:28
[0m[33m[2.135ms] [34;1m[rows:1][0m SELECT SCHEMA_NAME from Information_schema.SCHEMATA where SCHEMA_NAME LIKE 'news_db%' ORDER BY SCHEMA_NAME='news_db' DESC,SCHEMA_NAME limit 1

2025/12/07 09:09:41 [32mC:/go-work/uas_manpro/news-shared-service/cmd/server/main.go:28
[0m[33m[2.631ms] [34;1m[rows:-][0m SELECT count(*) FROM information_schema.tables WHERE table_schema = 'news_db' AND table_name = 'categories' AND table_type = 'BASE TABLE'

2025/12/07 09:09:41 [32m
[0m[33m[0.511ms] [34;1m[rows:-][0m SELECT DATABASE()

2025/12/07 09:09:41 [32mC:/go-work/uas_manpro/news-shared-service/cmd/server/main.go:28
[0m[33m[0.569ms] [34;1m[rows:1][0m SELECT SCHEMA_NAME from Information_schema.SCHEMATA where SCHEMA_NAME LIKE 'news_db%' ORDER BY SCHEMA_NAME='news_db' DESC,SCHEMA_NAME limit 1

2025/12/07 09:09:41 [32mC:/go-work/uas_manpro/news-shared-service/cmd/server/main.go:28
[0m[33m[0.564ms] [34;1m[rows:-][0m SELECT * FROM `categories` LIMIT 1

2025/12/07 09:09:41 [32mC:/go-work/uas_manpro/news-shared-service/cmd/server/main.go:28
[0m[33m[1.939ms] [34;1m[rows:-][0m SELECT column_name, column_default, is_nullable = 'YES', data_type, character_maximum_length, column_type, column_key, extra, column_comment, numeric_precision, numeric_scale , datetime_precision FROM information_schema.columns WHERE table_schema = 'news_db' AND table_name = 'categories' ORDER BY ORDINAL_POSITION

2025/12/07 09:09:41 [32m
[0m[33m[0.511ms] [34;1m[rows:-][0m SELECT DATABASE()

2025/12/07 09:09:41 [32m
[0m[33m[1.159ms] [34;1m[rows:1][0m SELECT SCHEMA_NAME from Information_schema.SCHEMATA where SCHEMA_NAME LIKE 'news_db%' ORDER BY SCHEMA_NAME='news_db' DESC,SCHEMA_NAME limit 1

2025/12/07 09:09:41 [32m
[0m[33m[2.730ms] [34;1m[rows:2][0m 
SELECT
	TABLE_NAME,
	COLUMN_NAME,
	INDEX_NAME,
	NON_UNIQUE 
FROM
	information_schema.STATISTICS 
WHERE
	TABLE_SCHEMA = 'news_db' 
	AND TABLE_NAME = 'categories' 
ORDER BY
	INDEX_NAME,
	SEQ_IN_INDEX

2025/12/07 09:09:41 [32m
[0m[33m[0.512ms] [34;1m[rows:-][0m SELECT DATABASE()

2025/12/07 09:09:41 [32m
[0m[33m[1.625ms] [34;1m[rows:1][0m SELECT SCHEMA_NAME from Information_schema.SCHEMATA where SCHEMA_NAME LIKE 'news_db%' ORDER BY SCHEMA_NAME='news_db' DESC,SCHEMA_NAME limit 1

2025/12/07 09:09:41 [32m
[0m[33m[2.248ms] [34;1m[rows:-][0m SELECT count(*) FROM INFORMATION_SCHEMA.table_constraints WHERE constraint_schema = 'news_db' AND table_name = 'categories' AND constraint_name = 'uni_categories_name'

2025/12/07 09:09:41 [32mC:/go-work/uas_manpro/news-shared-service/cmd/server/main.go:28
[0m[33m[0.513ms] [34;1m[rows:-][0m SELECT DATABASE()

2025/12/07 09:09:41 [32mC:/go-work/uas_manpro/news-shared-service/cmd/server/main.go:28
[0m[33m[1.311ms] [34;1m[rows:1][0m SELECT SCHEMA_NAME from Information_schema.SCHEMATA where SCHEMA_NAME LIKE 'news_db%' ORDER BY SCHEMA_NAME='news_db' DESC,SCHEMA_NAME limit 1

2025/12/07 09:09:41 [32mC:/go-work/uas_manpro/news-shared-service/cmd/server/main.go:28
[0m[33m[1.970ms] [34;1m[rows:-][0m SELECT count(*) FROM information_schema.tables WHERE table_schema = 'news_db' AND table_name = 'users' AND table_type = 'BASE TABLE'

2025/12/07 09:09:41 [32m
[0m[33m[0.000ms] [34;1m[rows:-][0m SELECT DATABASE()

2025/12/07 09:09:41 [32mC:/go-work/uas_manpro/news-shared-service/cmd/server/main.go:28
[0m[33m[1.802ms] [34;1m[rows:1][0m SELECT SCHEMA_NAME from Information_schema.SCHEMATA where SCHEMA_NAME LIKE 'news_db%' ORDER BY SCHEMA_NAME='news_db' DESC,SCHEMA_NAME limit 1

2025/12/07 09:09:41 [32mC:/go-work/uas_manpro/news-shared-service/cmd/server/main.go:28
[0m[33m[0.732ms] [34;1m[rows:-][0m SELECT * FROM `users` LIMIT 1

2025/12/07 09:09:41 [32mC:/go-work/uas_manpro/news-shared-service/cmd/server/main.go:28
[0m[33m[1.307ms] [34;1m[rows:-][0m SELECT column_name, column_default, is_nullable = 'YES', data_type, character_maximum_length, column_type, column_key, extra, column_comment, numeric_precision, numeric_scale , datetime_precision FROM information_schema.columns WHERE table_schema = 'news_db' AND table_name = 'users' ORDER BY ORDINAL_POSITION

2025/12/07 09:09:41 [32m
[0m[33m[0.000ms] [34;1m[rows:-][0m SELECT DATABASE()

2025/12/07 09:09:41 [32m
[0m[33m[1.308ms] [34;1m[rows:1][0m SELECT SCHEMA_NAME from Information_schema.SCHEMATA where SCHEMA_NAME LIKE 'news_db%' ORDER BY SCHEMA_NAME='news_db' DESC,SCHEMA_NAME limit 1

2025/12/07 09:09:41 [32m
[0m[33m[1.861ms] [34;1m[rows:2][0m 
SELECT
	TABLE_NAME,
	COLUMN_NAME,
	INDEX_NAME,
	NON_UNIQUE 
FROM
	information_schema.STATISTICS 
WHERE
	TABLE_SCHEMA = 'news_db' 
	AND TABLE_NAME = 'users' 
ORDER BY
	INDEX_NAME,
	SEQ_IN_INDEX

2025/12/07 09:09:41 [32m
[0m[33m[0.000ms] [34;1m[rows:-][0m SELECT DATABASE()

2025/12/07 09:09:41 [32m
[0m[33m[1.584ms] [34;1m[rows:1][0m SELECT SCHEMA_NAME from Information_schema.SCHEMATA where SCHEMA_NAME LIKE 'news_db%' ORDER BY SCHEMA_NAME='news_db' DESC,SCHEMA_NAME limit 1

2025/12/07 09:09:41 [32m
[0m[33m[1.582ms] [34;1m[rows:-][0m SELECT count(*) FROM INFORMATION_SCHEMA.table_constraints WHERE constraint_schema = 'news_db' AND table_name = 'users' AND constraint_name = 'uni_users_username'

2025/12/07 09:09:41 [32mC:/go-work/uas_manpro/news-shared-service/internal/repository/user_repo.go:24
[0m[33m[1.125ms] [34;1m[rows:1][0m SELECT * FROM `users` WHERE username = 'admin' ORDER BY `users`.`id` LIMIT 1
[GIN-debug] [WARNING] Creating an Engine instance with the Logger and Recovery middleware already attached.

[GIN-debug] [WARNING] Running in "debug" mode. Switch to "release" mode in production.
 - using env:	export GIN_MODE=release
 - using code:	gin.SetMode(gin.ReleaseMode)

[GIN-debug] GET    /health                   --> news-shared-service/internal/handlers.HealthCheck (3 handlers)
[GIN-debug] GET    /news/                    --> news-shared-service/internal/handlers.(*NewsHandler).GetAllNews-fm (3 handlers)
[GIN-debug] POST   /news/                    --> news-shared-service/internal/handlers.(*NewsHandler).CreateNews-fm (3 handlers)
[GIN-debug] GET    /news/:id                 --> news-shared-service/internal/handlers.(*NewsHandler).GetNews-fm (3 handlers)
[GIN-debug] PUT    /news/:id                 --> news-shared-service/internal/handlers.(*NewsHandler).UpdateNews-fm (3 handlers)
[GIN-debug] DELETE /news/:id                 --> news-shared-service/internal/handlers.(*NewsHandler).DeleteNews-fm (3 handlers)
[GIN-debug] GET    /categories/              --> news-shared-service/internal/handlers.(*CategoryHandler).GetCategories-fm (3 handlers)
[GIN-debug] POST   /categories/              --> news-shared-service/internal/handlers.(*CategoryHandler).CreateCategory-fm (3 handlers)
[GIN-debug] POST   /auth/login               --> news-shared-service/internal/handlers.(*AuthHandler).Login-fm (3 handlers)
[GIN-debug] [WARNING] You trusted all proxies, this is NOT safe. We recommend you to set a value.
Please check https://pkg.go.dev/github.com/gin-gonic/gin#readme-don-t-trust-all-proxies for details.
[GIN-debug] Listening and serving HTTP on :8081

2025/12/07 09:09:58 [32mC:/go-work/uas_manpro/news-shared-service/internal/repository/user_repo.go:24
[0m[33m[0.545ms] [34;1m[rows:1][0m SELECT * FROM `users` WHERE username = 'admin' ORDER BY `users`.`id` LIMIT 1
[GIN] 2025/12/07 - 09:09:58 | 200 |     73.3673ms |             ::1 | POST     "/auth/login"

2025/12/07 09:10:08 [32mC:/go-work/uas_manpro/news-shared-service/internal/repository/news_repo.go:30
[0m[33m[8.694ms] [34;1m[rows:1][0m INSERT INTO `news` (`id`,`title`,`content`,`author`,`category`,`image`,`source_url`,`display_section`,`archived`,`created_at`,`updated_at`) VALUES ('18dd7e27-e7ef-4b26-82a6-2e3a20725393','Test from curl','This is a test','Tester','Tech','','','',false,'2023-12-06 22:00:00','2025-12-07 02:10:08.876')
[GIN] 2025/12/07 - 09:10:08 | 201 |      9.2026ms |             ::1 | POST     "/news/"

2025/12/07 09:10:14 [32mC:/go-work/uas_manpro/news-shared-service/internal/repository/news_repo.go:43
[0m[33m[1.049ms] [34;1m[rows:1][0m SELECT * FROM `news`
[GIN] 2025/12/07 - 09:10:14 | 200 |      1.0487ms |             ::1 | GET      "/news/"
exit status 0xffffffff
